memory profiling: GC profiling: line profiling: sample.interval=20000
:927123:169401188:119961912:77:"file" "source" 
#File 1: C:\Users\Big-Rod\Documents\stacks\lmfit.R
:927436:169402595:120021944:53:"<GC>" "rnorm" 1#1 "eval" "eval" "withVisible" "source" 
:927436:152625381:120021944:0:"<GC>" "rnorm" 1#1 "eval" "eval" "withVisible" "source" 
:926805:169401195:119932232:0:"rnorm" 1#1 "eval" "eval" "withVisible" "source" 
:926805:169401195:119932232:0:"rnorm" 1#1 "eval" "eval" "withVisible" "source" 
:926805:169401195:119932232:0:"rnorm" 1#1 "eval" "eval" "withVisible" "source" 
:926805:169401195:119932232:0:"rnorm" 1#1 "eval" "eval" "withVisible" "source" 
:926805:169401195:119932232:0:"rnorm" 1#1 "eval" "eval" "withVisible" "source" 
:926805:169401195:119932232:0:"rnorm" 1#1 "eval" "eval" "withVisible" "source" 
:926805:169401195:119932232:0:"rnorm" 1#1 "eval" "eval" "withVisible" "source" 
:926805:169401195:119932232:0:"rnorm" 1#1 "eval" "eval" "withVisible" "source" 
:926805:169401195:119932232:0:"rnorm" 1#1 "eval" "eval" "withVisible" "source" 
:926805:169401195:119932232:0:"rnorm" 1#1 "eval" "eval" "withVisible" "source" 
:926805:169401195:119932232:0:"rnorm" 1#1 "eval" "eval" "withVisible" "source" 
:926805:169401195:119932232:0:"rnorm" 1#1 "eval" "eval" "withVisible" "source" 
:926805:169401195:119932232:0:"rnorm" 1#1 "eval" "eval" "withVisible" "source" 
:926805:169401195:119932232:0:"rnorm" 1#1 "eval" "eval" "withVisible" "source" 
:926805:169401195:119932232:0:"rnorm" 1#1 "eval" "eval" "withVisible" "source" 
:926805:169401195:119932232:0:"rnorm" 1#1 "eval" "eval" "withVisible" "source" 
:926805:169401195:119932232:0:"rnorm" 1#1 "eval" "eval" "withVisible" "source" 
:926805:169401195:119932232:0:"rnorm" 1#1 "eval" "eval" "withVisible" "source" 
:926805:169401195:119932232:0:"rnorm" 1#1 "eval" "eval" "withVisible" "source" 
:926805:169401195:119932232:0:"rnorm" 1#1 "eval" "eval" "withVisible" "source" 
:926805:169401195:119932232:0:"rnorm" 1#1 "eval" "eval" "withVisible" "source" 
:926805:169401195:119932232:0:"rnorm" 1#1 "eval" "eval" "withVisible" "source" 
:926805:169401195:119932232:0:"rnorm" 1#1 "eval" "eval" "withVisible" "source" 
:926805:169401195:119932232:0:"rnorm" 1#1 "eval" "eval" "withVisible" "source" 
:926805:169401195:119932232:0:"rnorm" 1#1 "eval" "eval" "withVisible" "source" 
:926805:169401195:119932232:0:"rnorm" 1#1 "eval" "eval" "withVisible" "source" 
:926805:169401195:119932232:0:"rnorm" 1#1 "eval" "eval" "withVisible" "source" 
:926805:169401195:119932232:0:"rnorm" 1#1 "eval" "eval" "withVisible" "source" 
:926805:169401195:119932232:0:"rnorm" 1#1 "eval" "eval" "withVisible" "source" 
:926805:169401195:119932232:0:"rnorm" 1#1 "eval" "eval" "withVisible" "source" 
:926805:169401195:119932232:0:"rnorm" 1#1 "eval" "eval" "withVisible" "source" 
:926805:169401195:119932232:0:"rnorm" 1#1 "eval" "eval" "withVisible" "source" 
:926805:169401195:119932232:0:"rnorm" 1#1 "eval" "eval" "withVisible" "source" 
:926805:169401195:119932232:0:"rnorm" 1#1 "eval" "eval" "withVisible" "source" 
:926805:169401195:119932232:0:"rnorm" 1#1 "eval" "eval" "withVisible" "source" 
:926805:169401195:119932232:0:"rnorm" 1#1 "eval" "eval" "withVisible" "source" 
:926805:169401195:119932232:0:"rnorm" 1#1 "eval" "eval" "withVisible" "source" 
:926805:169401195:119932232:0:"rnorm" 1#1 "eval" "eval" "withVisible" "source" 
:926805:169401195:119932232:0:"rnorm" 1#1 "eval" "eval" "withVisible" "source" 
:926805:169401195:119932232:0:"rnorm" 1#1 "eval" "eval" "withVisible" "source" 
:926805:169401195:119932232:0:"rnorm" 1#1 "eval" "eval" "withVisible" "source" 
:926805:169401195:119932232:0:"rnorm" 1#1 "eval" "eval" "withVisible" "source" 
:926805:169401195:119932232:0:"rnorm" 1#1 "eval" "eval" "withVisible" "source" 
:926805:169401195:119932232:0:"rnorm" 1#1 "eval" "eval" "withVisible" "source" 
:926805:169401195:119932232:0:"rnorm" 1#1 "eval" "eval" "withVisible" "source" 
:926805:169401195:119932232:0:"rnorm" 1#1 "eval" "eval" "withVisible" "source" 
:926805:169401195:119932232:0:"rnorm" 1#1 "eval" "eval" "withVisible" "source" 
:926805:169401195:119932232:0:"rnorm" 1#1 "eval" "eval" "withVisible" "source" 
:926805:169401195:119932232:0:"rnorm" 1#1 "eval" "eval" "withVisible" "source" 
:926805:169401195:119932232:0:"rnorm" 1#1 "eval" "eval" "withVisible" "source" 
:926805:169401195:119932232:0:"rnorm" 1#1 "eval" "eval" "withVisible" "source" 
:926805:169401195:119932232:0:"rnorm" 1#1 "eval" "eval" "withVisible" "source" 
:926805:169401195:119932232:0:"rnorm" 1#1 "eval" "eval" "withVisible" "source" 
:926805:169401195:119932232:0:"rnorm" 1#1 "eval" "eval" "withVisible" "source" 
:926805:169401195:119932232:0:"rnorm" 1#1 "eval" "eval" "withVisible" "source" 
:926805:169401195:119932232:0:"rnorm" 1#1 "eval" "eval" "withVisible" "source" 
:926805:169401195:119932232:0:"rnorm" 1#1 "eval" "eval" "withVisible" "source" 
:926805:169401195:119932232:0:"rnorm" 1#1 "eval" "eval" "withVisible" "source" 
:926805:169401195:119932232:0:"rnorm" 1#1 "eval" "eval" "withVisible" "source" 
:926805:169401195:119932232:0:"rnorm" 1#1 "eval" "eval" "withVisible" "source" 
:926805:169401195:119932232:0:"rnorm" 1#1 "eval" "eval" "withVisible" "source" 
:926805:169401195:119932232:0:"rnorm" 1#1 "eval" "eval" "withVisible" "source" 
:926805:169401195:119932232:0:"rnorm" 1#1 "eval" "eval" "withVisible" "source" 
:926805:169401195:119932232:0:"rnorm" 1#1 "eval" "eval" "withVisible" "source" 
:926805:169401195:119932232:0:"rnorm" 1#1 "eval" "eval" "withVisible" "source" 
:926997:169401508:119952560:12:"<GC>" "cbind" 1#3 "eval" "eval" "withVisible" "source" 
:926809:169401508:119933016:0:"<GC>" "cbind" 1#3 "eval" "eval" "withVisible" "source" 
:926809:169401508:119933016:0:"<GC>" "cbind" 1#3 "eval" "eval" "withVisible" "source" 
:926809:169401508:119933016:0:"<GC>" "cbind" 1#3 "eval" "eval" "withVisible" "source" 
:926809:169401508:119933016:0:"<GC>" "cbind" 1#3 "eval" "eval" "withVisible" "source" 
:926809:169401508:119933016:0:"<GC>" "cbind" 1#3 "eval" "eval" "withVisible" "source" 
:926809:169401508:119933016:0:"<GC>" "cbind" 1#3 "eval" "eval" "withVisible" "source" 
:926809:169401508:119933016:0:"<GC>" "cbind" 1#3 "eval" "eval" "withVisible" "source" 
:926809:169401508:119933016:0:"<GC>" "cbind" 1#3 "eval" "eval" "withVisible" "source" 
:926809:152624292:119933016:0:"<GC>" "cbind" 1#3 "eval" "eval" "withVisible" "source" 
:926809:135845928:119933016:0:"<GC>" "cbind" 1#3 "eval" "eval" "withVisible" "source" 
:926809:119068712:119933016:0:"<GC>" "cbind" 1#3 "eval" "eval" "withVisible" "source" 
:926809:68737064:119933016:0:"<GC>" "cbind" 1#3 "eval" "eval" "withVisible" "source" 
:926809:68737064:119933016:0:"<GC>" "cbind" 1#3 "eval" "eval" "withVisible" "source" 
:926809:51959848:119933016:0:"<GC>" "cbind" 1#3 "eval" "eval" "withVisible" "source" 
:926490:51959848:119913528:0:"<GC>" "cbind" 1#3 "eval" "eval" "withVisible" "source" 
:926490:51959848:119913528:0:"<GC>" "cbind" 1#3 "eval" "eval" "withVisible" "source" 
:926491:85514280:119913696:0:"cbind" 1#3 "eval" "eval" "withVisible" "source" 
:926491:85514280:119913696:0:"cbind" 1#3 "eval" "eval" "withVisible" "source" 
:926491:85514280:119913696:0:"cbind" 1#3 "eval" "eval" "withVisible" "source" 
:926491:85514280:119913696:0:"cbind" 1#3 "eval" "eval" "withVisible" "source" 
:926491:85514280:119913696:0:"cbind" 1#3 "eval" "eval" "withVisible" "source" 
:926491:85514280:119913696:0:"cbind" 1#3 "eval" "eval" "withVisible" "source" 
:926595:85514280:119925624:6:"<GC>" "gc" "system.time" 1#4 "eval" "eval" "withVisible" "source" 
:926595:85514280:119925624:0:"<GC>" "gc" "system.time" 1#4 "eval" "eval" "withVisible" "source" 
:926595:85514280:119925624:0:"<GC>" "gc" "system.time" 1#4 "eval" "eval" "withVisible" "source" 
:926595:85514280:119925624:0:"<GC>" "gc" "system.time" 1#4 "eval" "eval" "withVisible" "source" 
:926595:85514280:119925624:0:"<GC>" "gc" "system.time" 1#4 "eval" "eval" "withVisible" "source" 
:926595:85514280:119925624:0:"<GC>" "gc" "system.time" 1#4 "eval" "eval" "withVisible" "source" 
:926595:85514280:119925624:0:"<GC>" "gc" "system.time" 1#4 "eval" "eval" "withVisible" "source" 
:926595:85514280:119925624:0:"<GC>" "gc" "system.time" 1#4 "eval" "eval" "withVisible" "source" 
:926595:51959848:119925624:0:"<GC>" "gc" "system.time" 1#4 "eval" "eval" "withVisible" "source" 
:926490:51959848:119913472:0:"<GC>" "gc" "system.time" 1#4 "eval" "eval" "withVisible" "source" 
:926490:51959848:119913472:0:"<GC>" "gc" "system.time" 1#4 "eval" "eval" "withVisible" "source" 
:928113:51960380:120393000:150:"cb$putcode" "cmpConst" "cmp" "h" "tryInline" "cmpCall" "cmp" "genCode" "compile" "doTryCatch" "tryCatchOne" "tryCatchList" "tryCatch" "compiler:::tryCompile" "system.time" 1#4 "eval" "eval" "withVisible" "source" 
#File 2: C:\Users\Big-Rod\Documents\stacks\lmsrc.R
:929256:51960715:120583288:103:2#30 "lm.fit" "system.time" 1#4 "eval" "eval" "withVisible" "source" 
:929256:51960715:120583288:0:2#30 "lm.fit" "system.time" 1#4 "eval" "eval" "withVisible" "source" 
:929256:51960715:120583288:0:2#30 "lm.fit" "system.time" 1#4 "eval" "eval" "withVisible" "source" 
:929256:51960715:120583288:0:2#30 "lm.fit" "system.time" 1#4 "eval" "eval" "withVisible" "source" 
:929256:51960715:120583288:0:2#30 "lm.fit" "system.time" 1#4 "eval" "eval" "withVisible" "source" 
:929256:51960715:120583288:0:2#30 "lm.fit" "system.time" 1#4 "eval" "eval" "withVisible" "source" 
:929256:51960715:120583288:0:2#30 "lm.fit" "system.time" 1#4 "eval" "eval" "withVisible" "source" 
:929256:51960715:120583288:0:2#30 "lm.fit" "system.time" 1#4 "eval" "eval" "withVisible" "source" 
:929256:51960715:120583288:0:2#30 "lm.fit" "system.time" 1#4 "eval" "eval" "withVisible" "source" 
:929256:51960715:120583288:0:2#30 "lm.fit" "system.time" 1#4 "eval" "eval" "withVisible" "source" 
:929256:51960715:120583288:0:2#30 "lm.fit" "system.time" 1#4 "eval" "eval" "withVisible" "source" 
:929256:51960715:120583288:0:2#30 "lm.fit" "system.time" 1#4 "eval" "eval" "withVisible" "source" 
:929288:85515147:120583512:1:2#30 "lm.fit" "system.time" 1#4 "eval" "eval" "withVisible" "source" 
:929288:85515147:120583512:0:2#30 "lm.fit" "system.time" 1#4 "eval" "eval" "withVisible" "source" 
:929288:85515147:120583512:0:2#30 "lm.fit" "system.time" 1#4 "eval" "eval" "withVisible" "source" 
:929288:85515147:120583512:0:2#30 "lm.fit" "system.time" 1#4 "eval" "eval" "withVisible" "source" 
:929290:102292363:120583736:1:2#30 "lm.fit" "system.time" 1#4 "eval" "eval" "withVisible" "source" 
:929290:102292363:120583736:0:2#30 "lm.fit" "system.time" 1#4 "eval" "eval" "withVisible" "source" 
:929290:119069579:120583792:1:2#30 "lm.fit" "system.time" 1#4 "eval" "eval" "withVisible" "source" 
:929290:119069579:120583792:0:2#30 "lm.fit" "system.time" 1#4 "eval" "eval" "withVisible" "source" 
:929301:119069579:120583960:0:2#30 "lm.fit" "system.time" 1#4 "eval" "eval" "withVisible" "source" 
:929301:119069579:120583960:0:2#30 "lm.fit" "system.time" 1#4 "eval" "eval" "withVisible" "source" 
:929301:119069579:120583960:0:2#30 "lm.fit" "system.time" 1#4 "eval" "eval" "withVisible" "source" 
:929301:119069579:120583960:0:2#30 "lm.fit" "system.time" 1#4 "eval" "eval" "withVisible" "source" 
:929301:119069579:120583960:0:2#30 "lm.fit" "system.time" 1#4 "eval" "eval" "withVisible" "source" 
:929301:119069579:120583960:0:2#30 "lm.fit" "system.time" 1#4 "eval" "eval" "withVisible" "source" 
:929301:119069579:120583960:0:2#30 "lm.fit" "system.time" 1#4 "eval" "eval" "withVisible" "source" 
:929301:119069579:120583960:0:2#30 "lm.fit" "system.time" 1#4 "eval" "eval" "withVisible" "source" 
:929301:119069579:120583960:0:2#30 "lm.fit" "system.time" 1#4 "eval" "eval" "withVisible" "source" 
:929301:119069579:120583960:0:2#30 "lm.fit" "system.time" 1#4 "eval" "eval" "withVisible" "source" 
:929301:119069579:120583960:0:2#30 "lm.fit" "system.time" 1#4 "eval" "eval" "withVisible" "source" 
:929301:119069579:120583960:0:2#30 "lm.fit" "system.time" 1#4 "eval" "eval" "withVisible" "source" 
:929301:119069579:120583960:0:2#30 "lm.fit" "system.time" 1#4 "eval" "eval" "withVisible" "source" 
:929301:119069579:120583960:0:2#30 "lm.fit" "system.time" 1#4 "eval" "eval" "withVisible" "source" 
:929301:119069579:120583960:0:2#30 "lm.fit" "system.time" 1#4 "eval" "eval" "withVisible" "source" 
:929301:119069579:120583960:0:2#30 "lm.fit" "system.time" 1#4 "eval" "eval" "withVisible" "source" 
:929301:119069579:120583960:0:2#30 "lm.fit" "system.time" 1#4 "eval" "eval" "withVisible" "source" 
:929301:119069579:120583960:0:2#30 "lm.fit" "system.time" 1#4 "eval" "eval" "withVisible" "source" 
:929301:119069579:120583960:0:2#30 "lm.fit" "system.time" 1#4 "eval" "eval" "withVisible" "source" 
:929301:119069579:120583960:0:2#30 "lm.fit" "system.time" 1#4 "eval" "eval" "withVisible" "source" 
:929301:119069579:120583960:0:2#30 "lm.fit" "system.time" 1#4 "eval" "eval" "withVisible" "source" 
:929301:119069579:120583960:0:2#30 "lm.fit" "system.time" 1#4 "eval" "eval" "withVisible" "source" 
:929301:119069579:120583960:0:2#30 "lm.fit" "system.time" 1#4 "eval" "eval" "withVisible" "source" 
:929301:119069579:120583960:0:2#30 "lm.fit" "system.time" 1#4 "eval" "eval" "withVisible" "source" 
:929301:119069579:120583960:0:2#30 "lm.fit" "system.time" 1#4 "eval" "eval" "withVisible" "source" 
:929301:119069579:120583960:0:2#30 "lm.fit" "system.time" 1#4 "eval" "eval" "withVisible" "source" 
:929301:119069579:120583960:0:2#30 "lm.fit" "system.time" 1#4 "eval" "eval" "withVisible" "source" 
:929301:119069579:120583960:0:2#30 "lm.fit" "system.time" 1#4 "eval" "eval" "withVisible" "source" 
:929301:119069579:120583960:0:2#30 "lm.fit" "system.time" 1#4 "eval" "eval" "withVisible" "source" 
:929301:119069579:120583960:0:2#30 "lm.fit" "system.time" 1#4 "eval" "eval" "withVisible" "source" 
:929301:119069579:120583960:0:2#30 "lm.fit" "system.time" 1#4 "eval" "eval" "withVisible" "source" 
:929301:119069579:120583960:0:2#30 "lm.fit" "system.time" 1#4 "eval" "eval" "withVisible" "source" 
:929301:119069579:120583960:0:2#30 "lm.fit" "system.time" 1#4 "eval" "eval" "withVisible" "source" 
:929301:119069579:120583960:0:2#30 "lm.fit" "system.time" 1#4 "eval" "eval" "withVisible" "source" 
:929301:119069579:120583960:0:2#30 "lm.fit" "system.time" 1#4 "eval" "eval" "withVisible" "source" 
:929301:119069579:120583960:0:2#30 "lm.fit" "system.time" 1#4 "eval" "eval" "withVisible" "source" 
:929301:119069579:120583960:0:2#30 "lm.fit" "system.time" 1#4 "eval" "eval" "withVisible" "source" 
:929312:135846793:120586312:2:2#39 "lm.fit" "system.time" 1#4 "eval" "eval" "withVisible" "source" 
:929312:135846793:120586312:0:2#39 "lm.fit" "system.time" 1#4 "eval" "eval" "withVisible" "source" 
:929312:135846793:120586312:0:2#39 "lm.fit" "system.time" 1#4 "eval" "eval" "withVisible" "source" 
:929312:135846793:120586312:0:2#39 "lm.fit" "system.time" 1#4 "eval" "eval" "withVisible" "source" 
:929312:152624009:120586424:0:"c" 2#39 "lm.fit" "system.time" 1#4 "eval" "eval" "withVisible" "source" 
:929312:152624009:120586424:0:"c" 2#39 "lm.fit" "system.time" 1#4 "eval" "eval" "withVisible" "source" 
:929312:152624009:120586424:0:"c" 2#39 "lm.fit" "system.time" 1#4 "eval" "eval" "withVisible" "source" 
:929312:152624009:120586424:0:"c" 2#39 "lm.fit" "system.time" 1#4 "eval" "eval" "withVisible" "source" 
:929312:152624009:120586424:0:"c" 2#39 "lm.fit" "system.time" 1#4 "eval" "eval" "withVisible" "source" 
:929315:169401225:120587656:2:2#58 "lm.fit" "system.time" 1#4 "eval" "eval" "withVisible" "source" 
:929315:169401225:120587656:0:2#58 "lm.fit" "system.time" 1#4 "eval" "eval" "withVisible" "source" 
:929315:169401225:120587656:0:2#58 "lm.fit" "system.time" 1#4 "eval" "eval" "withVisible" "source" 
:929447:169401225:120597680:10:2#30 "lm.fit" "system.time" 1#4 "eval" "eval" "withVisible" "source" 
:929447:169401225:120597680:0:2#30 "lm.fit" "system.time" 1#4 "eval" "eval" "withVisible" "source" 
:929447:169401225:120597680:0:2#30 "lm.fit" "system.time" 1#4 "eval" "eval" "withVisible" "source" 
:929447:169401225:120597680:0:2#30 "lm.fit" "system.time" 1#4 "eval" "eval" "withVisible" "source" 
:929447:169401225:120597680:0:2#30 "lm.fit" "system.time" 1#4 "eval" "eval" "withVisible" "source" 
:929447:169401225:120597680:0:2#30 "lm.fit" "system.time" 1#4 "eval" "eval" "withVisible" "source" 
:929447:169401225:120597680:0:2#30 "lm.fit" "system.time" 1#4 "eval" "eval" "withVisible" "source" 
:929447:169401225:120597680:0:2#30 "lm.fit" "system.time" 1#4 "eval" "eval" "withVisible" "source" 
:929447:169401225:120597680:0:2#30 "lm.fit" "system.time" 1#4 "eval" "eval" "withVisible" "source" 
:929447:169401225:120597680:0:2#30 "lm.fit" "system.time" 1#4 "eval" "eval" "withVisible" "source" 
:929447:169401225:120597680:0:2#30 "lm.fit" "system.time" 1#4 "eval" "eval" "withVisible" "source" 
:929447:169401225:120597680:0:2#30 "lm.fit" "system.time" 1#4 "eval" "eval" "withVisible" "source" 
:929447:169401225:120597680:0:2#30 "lm.fit" "system.time" 1#4 "eval" "eval" "withVisible" "source" 
:929479:135845947:120597848:1:"<GC>" 2#30 "lm.fit" "system.time" 1#4 "eval" "eval" "withVisible" "source" 
:929479:119068731:120597848:0:"<GC>" 2#30 "lm.fit" "system.time" 1#4 "eval" "eval" "withVisible" "source" 
:929479:102291515:120597848:0:"<GC>" 2#30 "lm.fit" "system.time" 1#4 "eval" "eval" "withVisible" "source" 
:929479:85514301:120597848:0:"<GC>" 2#30 "lm.fit" "system.time" 1#4 "eval" "eval" "withVisible" "source" 
:929479:51959869:120597848:0:"<GC>" 2#30 "lm.fit" "system.time" 1#4 "eval" "eval" "withVisible" "source" 
:926629:85514301:119917056:0:2#30 "lm.fit" "system.time" 1#4 "eval" "eval" "withVisible" "source" 
:926629:85514301:119917056:0:2#30 "lm.fit" "system.time" 1#4 "eval" "eval" "withVisible" "source" 
:926629:85514301:119917056:0:2#30 "lm.fit" "system.time" 1#4 "eval" "eval" "withVisible" "source" 
:926629:85514301:119917056:0:2#30 "lm.fit" "system.time" 1#4 "eval" "eval" "withVisible" "source" 
:926629:85514301:119917056:0:2#30 "lm.fit" "system.time" 1#4 "eval" "eval" "withVisible" "source" 
:926631:102291517:119917280:1:2#30 "lm.fit" "system.time" 1#4 "eval" "eval" "withVisible" "source" 
:926631:102291517:119917280:0:2#30 "lm.fit" "system.time" 1#4 "eval" "eval" "withVisible" "source" 
:926631:102291517:119917280:0:2#30 "lm.fit" "system.time" 1#4 "eval" "eval" "withVisible" "source" 
:926631:119068733:119917336:1:2#30 "lm.fit" "system.time" 1#4 "eval" "eval" "withVisible" "source" 
:926631:119068733:119917336:0:2#30 "lm.fit" "system.time" 1#4 "eval" "eval" "withVisible" "source" 
:926642:119068733:119917504:0:2#30 "lm.fit" "system.time" 1#4 "eval" "eval" "withVisible" "source" 
:926642:119068733:119917504:0:2#30 "lm.fit" "system.time" 1#4 "eval" "eval" "withVisible" "source" 
:926642:119068733:119917504:0:2#30 "lm.fit" "system.time" 1#4 "eval" "eval" "withVisible" "source" 
:926642:119068733:119917504:0:2#30 "lm.fit" "system.time" 1#4 "eval" "eval" "withVisible" "source" 
:926642:119068733:119917504:0:2#30 "lm.fit" "system.time" 1#4 "eval" "eval" "withVisible" "source" 
:926642:119068733:119917504:0:2#30 "lm.fit" "system.time" 1#4 "eval" "eval" "withVisible" "source" 
:926642:119068733:119917504:0:2#30 "lm.fit" "system.time" 1#4 "eval" "eval" "withVisible" "source" 
:926642:119068733:119917504:0:2#30 "lm.fit" "system.time" 1#4 "eval" "eval" "withVisible" "source" 
:926642:119068733:119917504:0:2#30 "lm.fit" "system.time" 1#4 "eval" "eval" "withVisible" "source" 
:926642:119068733:119917504:0:2#30 "lm.fit" "system.time" 1#4 "eval" "eval" "withVisible" "source" 
:926642:119068733:119917504:0:2#30 "lm.fit" "system.time" 1#4 "eval" "eval" "withVisible" "source" 
:926642:119068733:119917504:0:2#30 "lm.fit" "system.time" 1#4 "eval" "eval" "withVisible" "source" 
:926642:119068733:119917504:0:2#30 "lm.fit" "system.time" 1#4 "eval" "eval" "withVisible" "source" 
:926642:119068733:119917504:0:2#30 "lm.fit" "system.time" 1#4 "eval" "eval" "withVisible" "source" 
:926642:119068733:119917504:0:2#30 "lm.fit" "system.time" 1#4 "eval" "eval" "withVisible" "source" 
:926642:119068733:119917504:0:2#30 "lm.fit" "system.time" 1#4 "eval" "eval" "withVisible" "source" 
:926642:119068733:119917504:0:2#30 "lm.fit" "system.time" 1#4 "eval" "eval" "withVisible" "source" 
:926642:119068733:119917504:0:2#30 "lm.fit" "system.time" 1#4 "eval" "eval" "withVisible" "source" 
:926642:119068733:119917504:0:2#30 "lm.fit" "system.time" 1#4 "eval" "eval" "withVisible" "source" 
:926642:119068733:119917504:0:2#30 "lm.fit" "system.time" 1#4 "eval" "eval" "withVisible" "source" 
:926642:119068733:119917504:0:2#30 "lm.fit" "system.time" 1#4 "eval" "eval" "withVisible" "source" 
:926642:119068733:119917504:0:2#30 "lm.fit" "system.time" 1#4 "eval" "eval" "withVisible" "source" 
:926642:119068733:119917504:0:2#30 "lm.fit" "system.time" 1#4 "eval" "eval" "withVisible" "source" 
:926642:119068733:119917504:0:2#30 "lm.fit" "system.time" 1#4 "eval" "eval" "withVisible" "source" 
:926642:119068733:119917504:0:2#30 "lm.fit" "system.time" 1#4 "eval" "eval" "withVisible" "source" 
:926642:119068733:119917504:0:2#30 "lm.fit" "system.time" 1#4 "eval" "eval" "withVisible" "source" 
:926642:119068733:119917504:0:2#30 "lm.fit" "system.time" 1#4 "eval" "eval" "withVisible" "source" 
:926642:119068733:119917504:0:2#30 "lm.fit" "system.time" 1#4 "eval" "eval" "withVisible" "source" 
:926642:119068733:119917504:0:2#30 "lm.fit" "system.time" 1#4 "eval" "eval" "withVisible" "source" 
:926642:119068733:119917504:0:2#30 "lm.fit" "system.time" 1#4 "eval" "eval" "withVisible" "source" 
:926642:119068733:119917504:0:2#30 "lm.fit" "system.time" 1#4 "eval" "eval" "withVisible" "source" 
:926642:119068733:119917504:0:2#30 "lm.fit" "system.time" 1#4 "eval" "eval" "withVisible" "source" 
:926642:119068733:119917504:0:2#30 "lm.fit" "system.time" 1#4 "eval" "eval" "withVisible" "source" 
:926642:119068733:119917504:0:2#30 "lm.fit" "system.time" 1#4 "eval" "eval" "withVisible" "source" 
:926642:119068733:119917504:0:2#30 "lm.fit" "system.time" 1#4 "eval" "eval" "withVisible" "source" 
:926642:119068733:119917504:0:2#30 "lm.fit" "system.time" 1#4 "eval" "eval" "withVisible" "source" 
:926642:119068733:119917504:0:2#30 "lm.fit" "system.time" 1#4 "eval" "eval" "withVisible" "source" 
:926642:119068733:119917504:0:2#30 "lm.fit" "system.time" 1#4 "eval" "eval" "withVisible" "source" 
:926653:135845947:119919856:2:2#39 "lm.fit" "system.time" 1#4 "eval" "eval" "withVisible" "source" 
:926653:135845947:119919856:0:2#39 "lm.fit" "system.time" 1#4 "eval" "eval" "withVisible" "source" 
:926653:135845947:119919856:0:2#39 "lm.fit" "system.time" 1#4 "eval" "eval" "withVisible" "source" 
:926653:135845947:119919856:0:2#39 "lm.fit" "system.time" 1#4 "eval" "eval" "withVisible" "source" 
:926653:152623163:119919968:0:"c" 2#39 "lm.fit" "system.time" 1#4 "eval" "eval" "withVisible" "source" 
:926653:152623163:119919968:0:"c" 2#39 "lm.fit" "system.time" 1#4 "eval" "eval" "withVisible" "source" 
:926653:152623163:119919968:0:"c" 2#39 "lm.fit" "system.time" 1#4 "eval" "eval" "withVisible" "source" 
:926653:152623163:119919968:0:"c" 2#39 "lm.fit" "system.time" 1#4 "eval" "eval" "withVisible" "source" 
:926653:152623163:119919968:0:"c" 2#39 "lm.fit" "system.time" 1#4 "eval" "eval" "withVisible" "source" 
:926656:169400379:119921200:2:2#58 "lm.fit" "system.time" 1#4 "eval" "eval" "withVisible" "source" 
:926656:169400379:119921200:0:2#58 "lm.fit" "system.time" 1#4 "eval" "eval" "withVisible" "source" 
:926656:169400379:119921200:0:2#58 "lm.fit" "system.time" 1#4 "eval" "eval" "withVisible" "source" 
:926656:169400379:119921200:0:2#58 "lm.fit" "system.time" 1#4 "eval" "eval" "withVisible" "source" 
:926788:169400379:119931224:10:2#30 "lm.fit" "system.time" 1#4 "eval" "eval" "withVisible" "source" 
:926788:169400379:119931224:0:2#30 "lm.fit" "system.time" 1#4 "eval" "eval" "withVisible" "source" 
:926788:169400379:119931224:0:2#30 "lm.fit" "system.time" 1#4 "eval" "eval" "withVisible" "source" 
:926788:169400379:119931224:0:2#30 "lm.fit" "system.time" 1#4 "eval" "eval" "withVisible" "source" 
:926788:169400379:119931224:0:2#30 "lm.fit" "system.time" 1#4 "eval" "eval" "withVisible" "source" 
:926788:169400379:119931224:0:2#30 "lm.fit" "system.time" 1#4 "eval" "eval" "withVisible" "source" 
:926788:169400379:119931224:0:2#30 "lm.fit" "system.time" 1#4 "eval" "eval" "withVisible" "source" 
:926788:169400379:119931224:0:2#30 "lm.fit" "system.time" 1#4 "eval" "eval" "withVisible" "source" 
:926788:169400379:119931224:0:2#30 "lm.fit" "system.time" 1#4 "eval" "eval" "withVisible" "source" 
:926788:169400379:119931224:0:2#30 "lm.fit" "system.time" 1#4 "eval" "eval" "withVisible" "source" 
:926788:169400379:119931224:0:2#30 "lm.fit" "system.time" 1#4 "eval" "eval" "withVisible" "source" 
:926788:169400379:119931224:0:2#30 "lm.fit" "system.time" 1#4 "eval" "eval" "withVisible" "source" 
:926820:169400379:119931392:1:"<GC>" 2#30 "lm.fit" "system.time" 1#4 "eval" "eval" "withVisible" "source" 
:926685:152623165:119919856:0:"<GC>" 2#30 "lm.fit" "system.time" 1#4 "eval" "eval" "withVisible" "source" 
:926685:135845949:119919856:0:"<GC>" 2#30 "lm.fit" "system.time" 1#4 "eval" "eval" "withVisible" "source" 
:926685:119068733:119919856:0:"<GC>" 2#30 "lm.fit" "system.time" 1#4 "eval" "eval" "withVisible" "source" 
:926685:68737085:119919856:0:"<GC>" 2#30 "lm.fit" "system.time" 1#4 "eval" "eval" "withVisible" "source" 
:926685:68737085:119919856:0:"<GC>" 2#30 "lm.fit" "system.time" 1#4 "eval" "eval" "withVisible" "source" 
:926685:51959869:119919856:0:"<GC>" 2#30 "lm.fit" "system.time" 1#4 "eval" "eval" "withVisible" "source" 
:926610:85514301:119916328:0:2#30 "lm.fit" "system.time" 1#4 "eval" "eval" "withVisible" "source" 
:926610:85514301:119916328:0:2#30 "lm.fit" "system.time" 1#4 "eval" "eval" "withVisible" "source" 
:926610:85514301:119916328:0:2#30 "lm.fit" "system.time" 1#4 "eval" "eval" "withVisible" "source" 
:926610:85514301:119916328:0:2#30 "lm.fit" "system.time" 1#4 "eval" "eval" "withVisible" "source" 
:926610:85514301:119916328:0:2#30 "lm.fit" "system.time" 1#4 "eval" "eval" "withVisible" "source" 
:926610:85514301:119916328:0:2#30 "lm.fit" "system.time" 1#4 "eval" "eval" "withVisible" "source" 
:926610:85514301:119916328:0:2#30 "lm.fit" "system.time" 1#4 "eval" "eval" "withVisible" "source" 
:926612:102291517:119916552:1:2#30 "lm.fit" "system.time" 1#4 "eval" "eval" "withVisible" "source" 
:926612:102291517:119916552:0:2#30 "lm.fit" "system.time" 1#4 "eval" "eval" "withVisible" "source" 
:926612:102291517:119916552:0:2#30 "lm.fit" "system.time" 1#4 "eval" "eval" "withVisible" "source" 
:926612:119068733:119916608:1:2#30 "lm.fit" "system.time" 1#4 "eval" "eval" "withVisible" "source" 
:926612:119068733:119916608:0:2#30 "lm.fit" "system.time" 1#4 "eval" "eval" "withVisible" "source" 
:926623:119068733:119916776:0:2#30 "lm.fit" "system.time" 1#4 "eval" "eval" "withVisible" "source" 
:926623:119068733:119916776:0:2#30 "lm.fit" "system.time" 1#4 "eval" "eval" "withVisible" "source" 
:926623:119068733:119916776:0:2#30 "lm.fit" "system.time" 1#4 "eval" "eval" "withVisible" "source" 
:926623:119068733:119916776:0:2#30 "lm.fit" "system.time" 1#4 "eval" "eval" "withVisible" "source" 
:926623:119068733:119916776:0:2#30 "lm.fit" "system.time" 1#4 "eval" "eval" "withVisible" "source" 
:926623:119068733:119916776:0:2#30 "lm.fit" "system.time" 1#4 "eval" "eval" "withVisible" "source" 
:926623:119068733:119916776:0:2#30 "lm.fit" "system.time" 1#4 "eval" "eval" "withVisible" "source" 
:926623:119068733:119916776:0:2#30 "lm.fit" "system.time" 1#4 "eval" "eval" "withVisible" "source" 
:926623:119068733:119916776:0:2#30 "lm.fit" "system.time" 1#4 "eval" "eval" "withVisible" "source" 
:926623:119068733:119916776:0:2#30 "lm.fit" "system.time" 1#4 "eval" "eval" "withVisible" "source" 
:926623:119068733:119916776:0:2#30 "lm.fit" "system.time" 1#4 "eval" "eval" "withVisible" "source" 
:926623:119068733:119916776:0:2#30 "lm.fit" "system.time" 1#4 "eval" "eval" "withVisible" "source" 
:926623:119068733:119916776:0:2#30 "lm.fit" "system.time" 1#4 "eval" "eval" "withVisible" "source" 
:926623:119068733:119916776:0:2#30 "lm.fit" "system.time" 1#4 "eval" "eval" "withVisible" "source" 
:926623:119068733:119916776:0:2#30 "lm.fit" "system.time" 1#4 "eval" "eval" "withVisible" "source" 
:926623:119068733:119916776:0:2#30 "lm.fit" "system.time" 1#4 "eval" "eval" "withVisible" "source" 
:926623:119068733:119916776:0:2#30 "lm.fit" "system.time" 1#4 "eval" "eval" "withVisible" "source" 
:926623:119068733:119916776:0:2#30 "lm.fit" "system.time" 1#4 "eval" "eval" "withVisible" "source" 
:926623:119068733:119916776:0:2#30 "lm.fit" "system.time" 1#4 "eval" "eval" "withVisible" "source" 
:926623:119068733:119916776:0:2#30 "lm.fit" "system.time" 1#4 "eval" "eval" "withVisible" "source" 
:926623:119068733:119916776:0:2#30 "lm.fit" "system.time" 1#4 "eval" "eval" "withVisible" "source" 
:926623:119068733:119916776:0:2#30 "lm.fit" "system.time" 1#4 "eval" "eval" "withVisible" "source" 
:926623:119068733:119916776:0:2#30 "lm.fit" "system.time" 1#4 "eval" "eval" "withVisible" "source" 
:926623:119068733:119916776:0:2#30 "lm.fit" "system.time" 1#4 "eval" "eval" "withVisible" "source" 
:926623:119068733:119916776:0:2#30 "lm.fit" "system.time" 1#4 "eval" "eval" "withVisible" "source" 
:926623:119068733:119916776:0:2#30 "lm.fit" "system.time" 1#4 "eval" "eval" "withVisible" "source" 
:926623:119068733:119916776:0:2#30 "lm.fit" "system.time" 1#4 "eval" "eval" "withVisible" "source" 
:926623:119068733:119916776:0:2#30 "lm.fit" "system.time" 1#4 "eval" "eval" "withVisible" "source" 
:926623:119068733:119916776:0:2#30 "lm.fit" "system.time" 1#4 "eval" "eval" "withVisible" "source" 
:926623:119068733:119916776:0:2#30 "lm.fit" "system.time" 1#4 "eval" "eval" "withVisible" "source" 
:926623:119068733:119916776:0:2#30 "lm.fit" "system.time" 1#4 "eval" "eval" "withVisible" "source" 
:926623:119068733:119916776:0:2#30 "lm.fit" "system.time" 1#4 "eval" "eval" "withVisible" "source" 
:926623:119068733:119916776:0:2#30 "lm.fit" "system.time" 1#4 "eval" "eval" "withVisible" "source" 
:926623:119068733:119916776:0:2#30 "lm.fit" "system.time" 1#4 "eval" "eval" "withVisible" "source" 
:926623:119068733:119916776:0:2#30 "lm.fit" "system.time" 1#4 "eval" "eval" "withVisible" "source" 
:926623:119068733:119916776:0:2#30 "lm.fit" "system.time" 1#4 "eval" "eval" "withVisible" "source" 
:926623:119068733:119916776:0:2#30 "lm.fit" "system.time" 1#4 "eval" "eval" "withVisible" "source" 
:926623:119068733:119916776:0:2#30 "lm.fit" "system.time" 1#4 "eval" "eval" "withVisible" "source" 
:926634:135845947:119919128:2:2#39 "lm.fit" "system.time" 1#4 "eval" "eval" "withVisible" "source" 
:926634:135845947:119919128:0:2#39 "lm.fit" "system.time" 1#4 "eval" "eval" "withVisible" "source" 
:926634:135845947:119919128:0:2#39 "lm.fit" "system.time" 1#4 "eval" "eval" "withVisible" "source" 
:926634:135845947:119919128:0:2#39 "lm.fit" "system.time" 1#4 "eval" "eval" "withVisible" "source" 
:926634:152623163:119919240:0:"c" 2#39 "lm.fit" "system.time" 1#4 "eval" "eval" "withVisible" "source" 
:926634:152623163:119919240:0:"c" 2#39 "lm.fit" "system.time" 1#4 "eval" "eval" "withVisible" "source" 
:926634:152623163:119919240:0:"c" 2#39 "lm.fit" "system.time" 1#4 "eval" "eval" "withVisible" "source" 
:926634:152623163:119919240:0:"c" 2#39 "lm.fit" "system.time" 1#4 "eval" "eval" "withVisible" "source" 
:926634:152623163:119919240:0:"c" 2#39 "lm.fit" "system.time" 1#4 "eval" "eval" "withVisible" "source" 
:926637:169400379:119920472:2:2#58 "lm.fit" "system.time" 1#4 "eval" "eval" "withVisible" "source" 
:926637:169400379:119920472:0:2#58 "lm.fit" "system.time" 1#4 "eval" "eval" "withVisible" "source" 
:926637:169400379:119920472:0:2#58 "lm.fit" "system.time" 1#4 "eval" "eval" "withVisible" "source" 
:926769:169400379:119930496:10:2#30 "lm.fit" "system.time" 1#4 "eval" "eval" "withVisible" "source" 
:926769:169400379:119930496:0:2#30 "lm.fit" "system.time" 1#4 "eval" "eval" "withVisible" "source" 
:926769:169400379:119930496:0:2#30 "lm.fit" "system.time" 1#4 "eval" "eval" "withVisible" "source" 
:926769:169400379:119930496:0:2#30 "lm.fit" "system.time" 1#4 "eval" "eval" "withVisible" "source" 
:926769:169400379:119930496:0:2#30 "lm.fit" "system.time" 1#4 "eval" "eval" "withVisible" "source" 
:926769:169400379:119930496:0:2#30 "lm.fit" "system.time" 1#4 "eval" "eval" "withVisible" "source" 
:926769:169400379:119930496:0:2#30 "lm.fit" "system.time" 1#4 "eval" "eval" "withVisible" "source" 
:926769:169400379:119930496:0:2#30 "lm.fit" "system.time" 1#4 "eval" "eval" "withVisible" "source" 
:926769:169400379:119930496:0:2#30 "lm.fit" "system.time" 1#4 "eval" "eval" "withVisible" "source" 
:926769:169400379:119930496:0:2#30 "lm.fit" "system.time" 1#4 "eval" "eval" "withVisible" "source" 
:926769:169400379:119930496:0:2#30 "lm.fit" "system.time" 1#4 "eval" "eval" "withVisible" "source" 
:926769:169400379:119930496:0:2#30 "lm.fit" "system.time" 1#4 "eval" "eval" "withVisible" "source" 
:926801:169400379:119930664:1:"<GC>" 2#30 "lm.fit" "system.time" 1#4 "eval" "eval" "withVisible" "source" 
:926801:152623165:119930664:0:"<GC>" 2#30 "lm.fit" "system.time" 1#4 "eval" "eval" "withVisible" "source" 
:926666:152623165:119919128:0:"<GC>" 2#30 "lm.fit" "system.time" 1#4 "eval" "eval" "withVisible" "source" 
:926666:152623165:119919128:0:"<GC>" 2#30 "lm.fit" "system.time" 1#4 "eval" "eval" "withVisible" "source" 
:926666:152623165:119919128:0:"<GC>" 2#30 "lm.fit" "system.time" 1#4 "eval" "eval" "withVisible" "source" 
:926666:152623165:119919128:0:"<GC>" 2#30 "lm.fit" "system.time" 1#4 "eval" "eval" "withVisible" "source" 
:926666:152623165:119919128:0:"<GC>" 2#30 "lm.fit" "system.time" 1#4 "eval" "eval" "withVisible" "source" 
:926666:152623165:119919128:0:"<GC>" 2#30 "lm.fit" "system.time" 1#4 "eval" "eval" "withVisible" "source" 
:926666:152623165:119919128:0:"<GC>" 2#30 "lm.fit" "system.time" 1#4 "eval" "eval" "withVisible" "source" 
:926666:152623165:119919128:0:"<GC>" 2#30 "lm.fit" "system.time" 1#4 "eval" "eval" "withVisible" "source" 
:926666:152623165:119919128:0:"<GC>" 2#30 "lm.fit" "system.time" 1#4 "eval" "eval" "withVisible" "source" 
:926666:152623165:119919128:0:"<GC>" 2#30 "lm.fit" "system.time" 1#4 "eval" "eval" "withVisible" "source" 
:926666:152623165:119919128:0:"<GC>" 2#30 "lm.fit" "system.time" 1#4 "eval" "eval" "withVisible" "source" 
:926666:152623165:119919128:0:"<GC>" 2#30 "lm.fit" "system.time" 1#4 "eval" "eval" "withVisible" "source" 
:926666:135845949:119919128:0:"<GC>" 2#30 "lm.fit" "system.time" 1#4 "eval" "eval" "withVisible" "source" 
:926666:119068733:119919128:0:"<GC>" 2#30 "lm.fit" "system.time" 1#4 "eval" "eval" "withVisible" "source" 
:926666:68737085:119919128:0:"<GC>" 2#30 "lm.fit" "system.time" 1#4 "eval" "eval" "withVisible" "source" 
:926666:68737085:119919128:0:"<GC>" 2#30 "lm.fit" "system.time" 1#4 "eval" "eval" "withVisible" "source" 
:926666:51959869:119919128:0:"<GC>" 2#30 "lm.fit" "system.time" 1#4 "eval" "eval" "withVisible" "source" 
:926601:51959869:119915880:0:"<GC>" 2#30 "lm.fit" "system.time" 1#4 "eval" "eval" "withVisible" "source" 
:926601:51959869:119915880:0:"<GC>" 2#30 "lm.fit" "system.time" 1#4 "eval" "eval" "withVisible" "source" 
:926601:85514301:119915936:0:2#30 "lm.fit" "system.time" 1#4 "eval" "eval" "withVisible" "source" 
:926601:85514301:119915936:0:2#30 "lm.fit" "system.time" 1#4 "eval" "eval" "withVisible" "source" 
:926601:85514301:119915936:0:2#30 "lm.fit" "system.time" 1#4 "eval" "eval" "withVisible" "source" 
:926601:85514301:119915936:0:2#30 "lm.fit" "system.time" 1#4 "eval" "eval" "withVisible" "source" 
:926601:85514301:119915936:0:2#30 "lm.fit" "system.time" 1#4 "eval" "eval" "withVisible" "source" 
:926603:102291517:119916160:1:2#30 "lm.fit" "system.time" 1#4 "eval" "eval" "withVisible" "source" 
:926603:102291517:119916160:0:2#30 "lm.fit" "system.time" 1#4 "eval" "eval" "withVisible" "source" 
:926603:102291517:119916160:0:2#30 "lm.fit" "system.time" 1#4 "eval" "eval" "withVisible" "source" 
:926603:119068733:119916216:1:2#30 "lm.fit" "system.time" 1#4 "eval" "eval" "withVisible" "source" 
:926603:119068733:119916216:0:2#30 "lm.fit" "system.time" 1#4 "eval" "eval" "withVisible" "source" 
:926614:119068733:119916384:0:2#30 "lm.fit" "system.time" 1#4 "eval" "eval" "withVisible" "source" 
:926614:119068733:119916384:0:2#30 "lm.fit" "system.time" 1#4 "eval" "eval" "withVisible" "source" 
:926614:119068733:119916384:0:2#30 "lm.fit" "system.time" 1#4 "eval" "eval" "withVisible" "source" 
:926614:119068733:119916384:0:2#30 "lm.fit" "system.time" 1#4 "eval" "eval" "withVisible" "source" 
:926614:119068733:119916384:0:2#30 "lm.fit" "system.time" 1#4 "eval" "eval" "withVisible" "source" 
:926614:119068733:119916384:0:2#30 "lm.fit" "system.time" 1#4 "eval" "eval" "withVisible" "source" 
:926614:119068733:119916384:0:2#30 "lm.fit" "system.time" 1#4 "eval" "eval" "withVisible" "source" 
:926614:119068733:119916384:0:2#30 "lm.fit" "system.time" 1#4 "eval" "eval" "withVisible" "source" 
:926614:119068733:119916384:0:2#30 "lm.fit" "system.time" 1#4 "eval" "eval" "withVisible" "source" 
:926614:119068733:119916384:0:2#30 "lm.fit" "system.time" 1#4 "eval" "eval" "withVisible" "source" 
:926614:119068733:119916384:0:2#30 "lm.fit" "system.time" 1#4 "eval" "eval" "withVisible" "source" 
:926614:119068733:119916384:0:2#30 "lm.fit" "system.time" 1#4 "eval" "eval" "withVisible" "source" 
:926614:119068733:119916384:0:2#30 "lm.fit" "system.time" 1#4 "eval" "eval" "withVisible" "source" 
:926614:119068733:119916384:0:2#30 "lm.fit" "system.time" 1#4 "eval" "eval" "withVisible" "source" 
:926614:119068733:119916384:0:2#30 "lm.fit" "system.time" 1#4 "eval" "eval" "withVisible" "source" 
:926614:119068733:119916384:0:2#30 "lm.fit" "system.time" 1#4 "eval" "eval" "withVisible" "source" 
:926614:119068733:119916384:0:2#30 "lm.fit" "system.time" 1#4 "eval" "eval" "withVisible" "source" 
:926614:119068733:119916384:0:2#30 "lm.fit" "system.time" 1#4 "eval" "eval" "withVisible" "source" 
:926614:119068733:119916384:0:2#30 "lm.fit" "system.time" 1#4 "eval" "eval" "withVisible" "source" 
:926614:119068733:119916384:0:2#30 "lm.fit" "system.time" 1#4 "eval" "eval" "withVisible" "source" 
:926614:119068733:119916384:0:2#30 "lm.fit" "system.time" 1#4 "eval" "eval" "withVisible" "source" 
:926614:119068733:119916384:0:2#30 "lm.fit" "system.time" 1#4 "eval" "eval" "withVisible" "source" 
:926614:119068733:119916384:0:2#30 "lm.fit" "system.time" 1#4 "eval" "eval" "withVisible" "source" 
:926614:119068733:119916384:0:2#30 "lm.fit" "system.time" 1#4 "eval" "eval" "withVisible" "source" 
:926614:119068733:119916384:0:2#30 "lm.fit" "system.time" 1#4 "eval" "eval" "withVisible" "source" 
:926614:119068733:119916384:0:2#30 "lm.fit" "system.time" 1#4 "eval" "eval" "withVisible" "source" 
:926614:119068733:119916384:0:2#30 "lm.fit" "system.time" 1#4 "eval" "eval" "withVisible" "source" 
:926614:119068733:119916384:0:2#30 "lm.fit" "system.time" 1#4 "eval" "eval" "withVisible" "source" 
:926614:119068733:119916384:0:2#30 "lm.fit" "system.time" 1#4 "eval" "eval" "withVisible" "source" 
:926614:119068733:119916384:0:2#30 "lm.fit" "system.time" 1#4 "eval" "eval" "withVisible" "source" 
:926614:119068733:119916384:0:2#30 "lm.fit" "system.time" 1#4 "eval" "eval" "withVisible" "source" 
:926614:119068733:119916384:0:2#30 "lm.fit" "system.time" 1#4 "eval" "eval" "withVisible" "source" 
:926614:119068733:119916384:0:2#30 "lm.fit" "system.time" 1#4 "eval" "eval" "withVisible" "source" 
:926614:119068733:119916384:0:2#30 "lm.fit" "system.time" 1#4 "eval" "eval" "withVisible" "source" 
:926614:119068733:119916384:0:2#30 "lm.fit" "system.time" 1#4 "eval" "eval" "withVisible" "source" 
:926614:119068733:119916384:0:2#30 "lm.fit" "system.time" 1#4 "eval" "eval" "withVisible" "source" 
:926614:119068733:119916384:0:2#30 "lm.fit" "system.time" 1#4 "eval" "eval" "withVisible" "source" 
:926625:135845947:119918736:2:2#39 "lm.fit" "system.time" 1#4 "eval" "eval" "withVisible" "source" 
:926625:135845947:119918736:0:2#39 "lm.fit" "system.time" 1#4 "eval" "eval" "withVisible" "source" 
:926625:135845947:119918736:0:2#39 "lm.fit" "system.time" 1#4 "eval" "eval" "withVisible" "source" 
:926625:135845947:119918736:0:2#39 "lm.fit" "system.time" 1#4 "eval" "eval" "withVisible" "source" 
:926625:135845947:119918736:0:2#39 "lm.fit" "system.time" 1#4 "eval" "eval" "withVisible" "source" 
:926625:152623163:119918848:0:"c" 2#39 "lm.fit" "system.time" 1#4 "eval" "eval" "withVisible" "source" 
:926625:152623163:119918848:0:"c" 2#39 "lm.fit" "system.time" 1#4 "eval" "eval" "withVisible" "source" 
:926625:152623163:119918848:0:"c" 2#39 "lm.fit" "system.time" 1#4 "eval" "eval" "withVisible" "source" 
:926625:152623163:119918848:0:"c" 2#39 "lm.fit" "system.time" 1#4 "eval" "eval" "withVisible" "source" 
:926628:169400379:119920080:2:2#58 "lm.fit" "system.time" 1#4 "eval" "eval" "withVisible" "source" 
:926628:169400379:119920080:0:2#58 "lm.fit" "system.time" 1#4 "eval" "eval" "withVisible" "source" 
:926628:169400379:119920080:0:2#58 "lm.fit" "system.time" 1#4 "eval" "eval" "withVisible" "source" 
:926628:169400379:119920080:0:2#58 "lm.fit" "system.time" 1#4 "eval" "eval" "withVisible" "source" 
:926760:169400379:119930104:10:2#30 "lm.fit" "system.time" 1#4 "eval" "eval" "withVisible" "source" 
:926760:169400379:119930104:0:2#30 "lm.fit" "system.time" 1#4 "eval" "eval" "withVisible" "source" 
:926760:169400379:119930104:0:2#30 "lm.fit" "system.time" 1#4 "eval" "eval" "withVisible" "source" 
:926760:169400379:119930104:0:2#30 "lm.fit" "system.time" 1#4 "eval" "eval" "withVisible" "source" 
:926760:169400379:119930104:0:2#30 "lm.fit" "system.time" 1#4 "eval" "eval" "withVisible" "source" 
:926760:169400379:119930104:0:2#30 "lm.fit" "system.time" 1#4 "eval" "eval" "withVisible" "source" 
:926760:169400379:119930104:0:2#30 "lm.fit" "system.time" 1#4 "eval" "eval" "withVisible" "source" 
:926760:169400379:119930104:0:2#30 "lm.fit" "system.time" 1#4 "eval" "eval" "withVisible" "source" 
:926760:169400379:119930104:0:2#30 "lm.fit" "system.time" 1#4 "eval" "eval" "withVisible" "source" 
:926760:169400379:119930104:0:2#30 "lm.fit" "system.time" 1#4 "eval" "eval" "withVisible" "source" 
:926760:169400379:119930104:0:2#30 "lm.fit" "system.time" 1#4 "eval" "eval" "withVisible" "source" 
:926760:169400379:119930104:0:2#30 "lm.fit" "system.time" 1#4 "eval" "eval" "withVisible" "source" 
:926792:152623165:119930272:1:"<GC>" 2#30 "lm.fit" "system.time" 1#4 "eval" "eval" "withVisible" "source" 
:926657:152623165:119918736:0:"<GC>" 2#30 "lm.fit" "system.time" 1#4 "eval" "eval" "withVisible" "source" 
:926657:152623165:119918736:0:"<GC>" 2#30 "lm.fit" "system.time" 1#4 "eval" "eval" "withVisible" "source" 
:926657:152623165:119918736:0:"<GC>" 2#30 "lm.fit" "system.time" 1#4 "eval" "eval" "withVisible" "source" 
:926657:152623165:119918736:0:"<GC>" 2#30 "lm.fit" "system.time" 1#4 "eval" "eval" "withVisible" "source" 
:926657:152623165:119918736:0:"<GC>" 2#30 "lm.fit" "system.time" 1#4 "eval" "eval" "withVisible" "source" 
:926657:152623165:119918736:0:"<GC>" 2#30 "lm.fit" "system.time" 1#4 "eval" "eval" "withVisible" "source" 
:926657:152623165:119918736:0:"<GC>" 2#30 "lm.fit" "system.time" 1#4 "eval" "eval" "withVisible" "source" 
:926657:152623165:119918736:0:"<GC>" 2#30 "lm.fit" "system.time" 1#4 "eval" "eval" "withVisible" "source" 
:926657:152623165:119918736:0:"<GC>" 2#30 "lm.fit" "system.time" 1#4 "eval" "eval" "withVisible" "source" 
:926657:135845949:119918736:0:"<GC>" 2#30 "lm.fit" "system.time" 1#4 "eval" "eval" "withVisible" "source" 
:926657:119068733:119918736:0:"<GC>" 2#30 "lm.fit" "system.time" 1#4 "eval" "eval" "withVisible" "source" 
:926657:102291517:119918736:0:"<GC>" 2#30 "lm.fit" "system.time" 1#4 "eval" "eval" "withVisible" "source" 
:926657:68737085:119918736:0:"<GC>" 2#30 "lm.fit" "system.time" 1#4 "eval" "eval" "withVisible" "source" 
:926657:51959869:119918736:0:"<GC>" 2#30 "lm.fit" "system.time" 1#4 "eval" "eval" "withVisible" "source" 
:926601:51959869:119915880:0:"<GC>" 2#30 "lm.fit" "system.time" 1#4 "eval" "eval" "withVisible" "source" 
:926601:51959869:119915880:0:"<GC>" 2#30 "lm.fit" "system.time" 1#4 "eval" "eval" "withVisible" "source" 
:926601:85514301:119915936:0:2#30 "lm.fit" "system.time" 1#4 "eval" "eval" "withVisible" "source" 
:926601:85514301:119915936:0:2#30 "lm.fit" "system.time" 1#4 "eval" "eval" "withVisible" "source" 
:926601:85514301:119915936:0:2#30 "lm.fit" "system.time" 1#4 "eval" "eval" "withVisible" "source" 
:926601:85514301:119915936:0:2#30 "lm.fit" "system.time" 1#4 "eval" "eval" "withVisible" "source" 
:926601:85514301:119915936:0:2#30 "lm.fit" "system.time" 1#4 "eval" "eval" "withVisible" "source" 
:926601:85514301:119915936:0:2#30 "lm.fit" "system.time" 1#4 "eval" "eval" "withVisible" "source" 
:926603:102291517:119916160:1:2#30 "lm.fit" "system.time" 1#4 "eval" "eval" "withVisible" "source" 
:926603:102291517:119916160:0:2#30 "lm.fit" "system.time" 1#4 "eval" "eval" "withVisible" "source" 
:926603:119068733:119916216:1:2#30 "lm.fit" "system.time" 1#4 "eval" "eval" "withVisible" "source" 
:926603:119068733:119916216:0:2#30 "lm.fit" "system.time" 1#4 "eval" "eval" "withVisible" "source" 
:926614:119068733:119916384:0:2#30 "lm.fit" "system.time" 1#4 "eval" "eval" "withVisible" "source" 
:926614:119068733:119916384:0:2#30 "lm.fit" "system.time" 1#4 "eval" "eval" "withVisible" "source" 
:926614:119068733:119916384:0:2#30 "lm.fit" "system.time" 1#4 "eval" "eval" "withVisible" "source" 
:926614:119068733:119916384:0:2#30 "lm.fit" "system.time" 1#4 "eval" "eval" "withVisible" "source" 
:926614:119068733:119916384:0:2#30 "lm.fit" "system.time" 1#4 "eval" "eval" "withVisible" "source" 
:926614:119068733:119916384:0:2#30 "lm.fit" "system.time" 1#4 "eval" "eval" "withVisible" "source" 
:926614:119068733:119916384:0:2#30 "lm.fit" "system.time" 1#4 "eval" "eval" "withVisible" "source" 
:926614:119068733:119916384:0:2#30 "lm.fit" "system.time" 1#4 "eval" "eval" "withVisible" "source" 
:926614:119068733:119916384:0:2#30 "lm.fit" "system.time" 1#4 "eval" "eval" "withVisible" "source" 
:926614:119068733:119916384:0:2#30 "lm.fit" "system.time" 1#4 "eval" "eval" "withVisible" "source" 
:926614:119068733:119916384:0:2#30 "lm.fit" "system.time" 1#4 "eval" "eval" "withVisible" "source" 
:926614:119068733:119916384:0:2#30 "lm.fit" "system.time" 1#4 "eval" "eval" "withVisible" "source" 
:926614:119068733:119916384:0:2#30 "lm.fit" "system.time" 1#4 "eval" "eval" "withVisible" "source" 
:926614:119068733:119916384:0:2#30 "lm.fit" "system.time" 1#4 "eval" "eval" "withVisible" "source" 
:926614:119068733:119916384:0:2#30 "lm.fit" "system.time" 1#4 "eval" "eval" "withVisible" "source" 
:926614:119068733:119916384:0:2#30 "lm.fit" "system.time" 1#4 "eval" "eval" "withVisible" "source" 
:926614:119068733:119916384:0:2#30 "lm.fit" "system.time" 1#4 "eval" "eval" "withVisible" "source" 
:926614:119068733:119916384:0:2#30 "lm.fit" "system.time" 1#4 "eval" "eval" "withVisible" "source" 
:926614:119068733:119916384:0:2#30 "lm.fit" "system.time" 1#4 "eval" "eval" "withVisible" "source" 
:926614:119068733:119916384:0:2#30 "lm.fit" "system.time" 1#4 "eval" "eval" "withVisible" "source" 
:926614:119068733:119916384:0:2#30 "lm.fit" "system.time" 1#4 "eval" "eval" "withVisible" "source" 
:926614:119068733:119916384:0:2#30 "lm.fit" "system.time" 1#4 "eval" "eval" "withVisible" "source" 
:926614:119068733:119916384:0:2#30 "lm.fit" "system.time" 1#4 "eval" "eval" "withVisible" "source" 
:926614:119068733:119916384:0:2#30 "lm.fit" "system.time" 1#4 "eval" "eval" "withVisible" "source" 
:926614:119068733:119916384:0:2#30 "lm.fit" "system.time" 1#4 "eval" "eval" "withVisible" "source" 
:926614:119068733:119916384:0:2#30 "lm.fit" "system.time" 1#4 "eval" "eval" "withVisible" "source" 
:926614:119068733:119916384:0:2#30 "lm.fit" "system.time" 1#4 "eval" "eval" "withVisible" "source" 
:926614:119068733:119916384:0:2#30 "lm.fit" "system.time" 1#4 "eval" "eval" "withVisible" "source" 
:926614:119068733:119916384:0:2#30 "lm.fit" "system.time" 1#4 "eval" "eval" "withVisible" "source" 
:926614:119068733:119916384:0:2#30 "lm.fit" "system.time" 1#4 "eval" "eval" "withVisible" "source" 
:926614:119068733:119916384:0:2#30 "lm.fit" "system.time" 1#4 "eval" "eval" "withVisible" "source" 
:926614:119068733:119916384:0:2#30 "lm.fit" "system.time" 1#4 "eval" "eval" "withVisible" "source" 
:926614:119068733:119916384:0:2#30 "lm.fit" "system.time" 1#4 "eval" "eval" "withVisible" "source" 
:926614:119068733:119916384:0:2#30 "lm.fit" "system.time" 1#4 "eval" "eval" "withVisible" "source" 
:926614:119068733:119916384:0:2#30 "lm.fit" "system.time" 1#4 "eval" "eval" "withVisible" "source" 
:926614:119068733:119916384:0:2#30 "lm.fit" "system.time" 1#4 "eval" "eval" "withVisible" "source" 
:926614:119068733:119916384:0:2#30 "lm.fit" "system.time" 1#4 "eval" "eval" "withVisible" "source" 
:926614:119068733:119916384:0:2#30 "lm.fit" "system.time" 1#4 "eval" "eval" "withVisible" "source" 
:926625:135845947:119918736:2:2#39 "lm.fit" "system.time" 1#4 "eval" "eval" "withVisible" "source" 
:926625:135845947:119918736:0:2#39 "lm.fit" "system.time" 1#4 "eval" "eval" "withVisible" "source" 
:926625:135845947:119918736:0:2#39 "lm.fit" "system.time" 1#4 "eval" "eval" "withVisible" "source" 
:926625:135845947:119918736:0:2#39 "lm.fit" "system.time" 1#4 "eval" "eval" "withVisible" "source" 
:926625:152623163:119918848:0:"c" 2#39 "lm.fit" "system.time" 1#4 "eval" "eval" "withVisible" "source" 
:926625:152623163:119918848:0:"c" 2#39 "lm.fit" "system.time" 1#4 "eval" "eval" "withVisible" "source" 
:926625:152623163:119918848:0:"c" 2#39 "lm.fit" "system.time" 1#4 "eval" "eval" "withVisible" "source" 
:926625:152623163:119918848:0:"c" 2#39 "lm.fit" "system.time" 1#4 "eval" "eval" "withVisible" "source" 
:926625:152623163:119918848:0:"c" 2#39 "lm.fit" "system.time" 1#4 "eval" "eval" "withVisible" "source" 
:926628:169400379:119920080:2:2#58 "lm.fit" "system.time" 1#4 "eval" "eval" "withVisible" "source" 
:926628:169400379:119920080:0:2#58 "lm.fit" "system.time" 1#4 "eval" "eval" "withVisible" "source" 
:926628:169400379:119920080:0:2#58 "lm.fit" "system.time" 1#4 "eval" "eval" "withVisible" "source" 
